生成启动时间为 2016/12/20 9:33:05。
     1>项目“C:\Users\yhc\Desktop\张迎伟文档\20161010基于MYO的Windows项目\20161209静态手势版本\MYO_Navigation\MYO_Navigation_online\MYO_Navigation\MYO_Navigation.vcxproj”在节点 2 上(Build 个目标)。
     1>ClCompile:
         C:\Program Files (x86)\Microsoft Visual Studio 12.0\VC\bin\CL.exe /c /I"C:\Users\yhc\Desktop\张迎伟文档\20161010基于MYO的Windows项目\20161209静态手势版本\MYO_Navigation\MYO_Navigation_online\MYO_Navigation\../include" /ZI /nologo /W3 /WX- /sdl /Od /Oy- /D WIN32 /D _DEBUG /D _CONSOLE /D _LIB /D _CRT_SECURE_NO_WARNINGS /D _UNICODE /D UNICODE /Gm /EHsc /RTC1 /MDd /GS /fp:precise /Zc:wchar_t /Zc:forScope /Fo"Debug\\" /Fd"Debug\vc120.pdb" /Gd /TP /analyze- /errorReport:prompt main.cpp
         main.cpp
     1>c:\users\yhc\desktop\张迎伟文档\20161010基于myo的windows项目\20161209静态手势版本\myo_navigation\myo_navigation_online\myo_navigation\main.cpp(50): warning C4305: “=”: 从“double”到“float”截断
     1>c:\users\yhc\desktop\张迎伟文档\20161010基于myo的windows项目\20161209静态手势版本\myo_navigation\myo_navigation_online\myo_navigation\main.cpp(51): warning C4305: “=”: 从“double”到“float”截断
     1>c:\users\yhc\desktop\张迎伟文档\20161010基于myo的windows项目\20161209静态手势版本\myo_navigation\myo_navigation_online\myo_navigation\main.cpp(52): warning C4305: “=”: 从“double”到“float”截断
     1>c:\users\yhc\desktop\张迎伟文档\20161010基于myo的windows项目\20161209静态手势版本\myo_navigation\myo_navigation_online\myo_navigation\main.cpp(53): warning C4305: “=”: 从“double”到“float”截断
     1>c:\users\yhc\desktop\张迎伟文档\20161010基于myo的windows项目\20161209静态手势版本\myo_navigation\myo_navigation_online\myo_navigation\main.cpp(54): warning C4305: “=”: 从“double”到“float”截断
     1>c:\users\yhc\desktop\张迎伟文档\20161010基于myo的windows项目\20161209静态手势版本\myo_navigation\myo_navigation_online\myo_navigation\main.cpp(55): warning C4305: “=”: 从“double”到“float”截断
     1>c:\users\yhc\desktop\张迎伟文档\20161010基于myo的windows项目\20161209静态手势版本\myo_navigation\myo_navigation_online\myo_navigation\main.cpp(56): warning C4305: “=”: 从“double”到“float”截断
     1>c:\users\yhc\desktop\张迎伟文档\20161010基于myo的windows项目\20161209静态手势版本\myo_navigation\myo_navigation_online\myo_navigation\main.cpp(57): warning C4305: “=”: 从“double”到“float”截断
     1>c:\users\yhc\desktop\张迎伟文档\20161010基于myo的windows项目\20161209静态手势版本\myo_navigation\myo_navigation_online\myo_navigation\main.cpp(68): warning C4305: “=”: 从“double”到“float”截断
     1>c:\users\yhc\desktop\张迎伟文档\20161010基于myo的windows项目\20161209静态手势版本\myo_navigation\myo_navigation_online\myo_navigation\main.cpp(69): warning C4305: “=”: 从“double”到“float”截断
     1>c:\users\yhc\desktop\张迎伟文档\20161010基于myo的windows项目\20161209静态手势版本\myo_navigation\myo_navigation_online\myo_navigation\main.cpp(70): warning C4305: “=”: 从“double”到“float”截断
     1>c:\users\yhc\desktop\张迎伟文档\20161010基于myo的windows项目\20161209静态手势版本\myo_navigation\myo_navigation_online\myo_navigation\main.cpp(71): warning C4305: “=”: 从“double”到“float”截断
     1>c:\users\yhc\desktop\张迎伟文档\20161010基于myo的windows项目\20161209静态手势版本\myo_navigation\myo_navigation_online\myo_navigation\main.cpp(73): warning C4305: “=”: 从“double”到“float”截断
     1>c:\users\yhc\desktop\张迎伟文档\20161010基于myo的windows项目\20161209静态手势版本\myo_navigation\myo_navigation_online\myo_navigation\main.cpp(74): warning C4305: “=”: 从“double”到“float”截断
     1>c:\users\yhc\desktop\张迎伟文档\20161010基于myo的windows项目\20161209静态手势版本\myo_navigation\myo_navigation_online\myo_navigation\main.cpp(75): warning C4305: “=”: 从“double”到“float”截断
     1>c:\users\yhc\desktop\张迎伟文档\20161010基于myo的windows项目\20161209静态手势版本\myo_navigation\myo_navigation_online\myo_navigation\main.cpp(76): warning C4305: “=”: 从“double”到“float”截断
     1>c:\users\yhc\desktop\张迎伟文档\20161010基于myo的windows项目\20161209静态手势版本\myo_navigation\myo_navigation_online\myo_navigation\main.cpp(77): warning C4305: “=”: 从“double”到“float”截断
     1>c:\users\yhc\desktop\张迎伟文档\20161010基于myo的windows项目\20161209静态手势版本\myo_navigation\myo_navigation_online\myo_navigation\main.cpp(78): warning C4305: “=”: 从“double”到“float”截断
     1>c:\users\yhc\desktop\张迎伟文档\20161010基于myo的windows项目\20161209静态手势版本\myo_navigation\myo_navigation_online\myo_navigation\main.cpp(79): warning C4305: “=”: 从“double”到“float”截断
     1>c:\users\yhc\desktop\张迎伟文档\20161010基于myo的windows项目\20161209静态手势版本\myo_navigation\myo_navigation_online\myo_navigation\main.cpp(80): warning C4305: “=”: 从“double”到“float”截断
     1>c:\users\yhc\desktop\张迎伟文档\20161010基于myo的windows项目\20161209静态手势版本\myo_navigation\myo_navigation_online\myo_navigation\main.cpp(81): warning C4305: “=”: 从“double”到“float”截断
     1>c:\users\yhc\desktop\张迎伟文档\20161010基于myo的windows项目\20161209静态手势版本\myo_navigation\myo_navigation_online\myo_navigation\main.cpp(82): warning C4305: “=”: 从“double”到“float”截断
     1>c:\users\yhc\desktop\张迎伟文档\20161010基于myo的windows项目\20161209静态手势版本\myo_navigation\myo_navigation_online\myo_navigation\main.cpp(83): warning C4305: “=”: 从“double”到“float”截断
     1>c:\users\yhc\desktop\张迎伟文档\20161010基于myo的windows项目\20161209静态手势版本\myo_navigation\myo_navigation_online\myo_navigation\main.cpp(211): warning C4244: “=”: 从“double”转换到“float”，可能丢失数据
     1>c:\users\yhc\desktop\张迎伟文档\20161010基于myo的windows项目\20161209静态手势版本\myo_navigation\myo_navigation_online\myo_navigation\main.cpp(212): warning C4244: “=”: 从“double”转换到“float”，可能丢失数据
     1>c:\users\yhc\desktop\张迎伟文档\20161010基于myo的windows项目\20161209静态手势版本\myo_navigation\myo_navigation_online\myo_navigation\main.cpp(213): warning C4244: “=”: 从“double”转换到“float”，可能丢失数据
     1>c:\users\yhc\desktop\张迎伟文档\20161010基于myo的windows项目\20161209静态手势版本\myo_navigation\myo_navigation_online\myo_navigation\main.cpp(214): warning C4244: “=”: 从“double”转换到“float”，可能丢失数据
     1>c:\users\yhc\desktop\张迎伟文档\20161010基于myo的windows项目\20161209静态手势版本\myo_navigation\myo_navigation_online\myo_navigation\main.cpp(215): warning C4244: “=”: 从“double”转换到“float”，可能丢失数据
     1>c:\users\yhc\desktop\张迎伟文档\20161010基于myo的windows项目\20161209静态手势版本\myo_navigation\myo_navigation_online\myo_navigation\main.cpp(216): warning C4244: “=”: 从“double”转换到“float”，可能丢失数据
     1>c:\users\yhc\desktop\张迎伟文档\20161010基于myo的windows项目\20161209静态手势版本\myo_navigation\myo_navigation_online\myo_navigation\main.cpp(217): warning C4244: “=”: 从“double”转换到“float”，可能丢失数据
     1>c:\users\yhc\desktop\张迎伟文档\20161010基于myo的windows项目\20161209静态手势版本\myo_navigation\myo_navigation_online\myo_navigation\main.cpp(218): warning C4244: “=”: 从“double”转换到“float”，可能丢失数据
       Link:
         C:\Program Files (x86)\Microsoft Visual Studio 12.0\VC\bin\link.exe /ERRORREPORT:PROMPT /OUT:"C:\Users\yhc\Desktop\张迎伟文档\20161010基于MYO的Windows项目\20161209静态手势版本\MYO_Navigation\MYO_Navigation_online\Debug\MYO_Navigation.exe" /INCREMENTAL /NOLOGO /LIBPATH:../lib myo32.lib kernel32.lib user32.lib gdi32.lib winspool.lib comdlg32.lib advapi32.lib shell32.lib ole32.lib oleaut32.lib uuid.lib odbc32.lib odbccp32.lib /MANIFEST /MANIFESTUAC:"level='asInvoker' uiAccess='false'" /manifest:embed /DEBUG /PDB:"C:\Users\yhc\Desktop\张迎伟文档\20161010基于MYO的Windows项目\20161209静态手势版本\MYO_Navigation\MYO_Navigation_online\Debug\MYO_Navigation.pdb" /SUBSYSTEM:CONSOLE /TLBID:1 /DYNAMICBASE /NXCOMPAT /IMPLIB:"C:\Users\yhc\Desktop\张迎伟文档\20161010基于MYO的Windows项目\20161209静态手势版本\MYO_Navigation\MYO_Navigation_online\Debug\MYO_Navigation.lib" /MACHINE:X86 Debug\main.obj
         Debug\svm.obj
         MYO_Navigation.vcxproj -> C:\Users\yhc\Desktop\张迎伟文档\20161010基于MYO的Windows项目\20161209静态手势版本\MYO_Navigation\MYO_Navigation_online\Debug\MYO_Navigation.exe
       PostBuildEvent:
         COPY "..\bin\myo32.dll"
         :VCEnd
         已复制         1 个文件。
     1>已完成生成项目“C:\Users\yhc\Desktop\张迎伟文档\20161010基于MYO的Windows项目\20161209静态手势版本\MYO_Navigation\MYO_Navigation_online\MYO_Navigation\MYO_Navigation.vcxproj”(Build 个目标)的操作。

生成成功。

已用时间 00:00:01.03
