生成启动时间为 2016/12/16 17:29:23。
     1>项目“C:\Users\yhc\Desktop\张迎伟文档\20161031手势识别数据采集\20161108展示工程实现\MYO_Navigation1.7\MYO_Navigation1.4\MYO_Navigation1.4.vcxproj”在节点 2 上(Build 个目标)。
     1>ClCompile:
         C:\Program Files (x86)\Microsoft Visual Studio 12.0\VC\bin\CL.exe /c /ZI /nologo /W3 /WX- /sdl /Od /Oy- /D WIN32 /D _DEBUG /D _CONSOLE /D _LIB /D _UNICODE /D UNICODE /Gm /EHsc /RTC1 /MDd /GS /fp:precise /Zc:wchar_t /Zc:forScope /Fo"Debug\\" /Fd"Debug\vc120.pdb" /Gd /TP /analyze- /errorReport:prompt DataCollector.cpp main.cpp
         DataCollector.cpp
     1>c:\users\yhc\desktop\张迎伟文档\20161031手势识别数据采集\20161108展示工程实现\myo_navigation1.7\myo_navigation1.4\rotationcapture.hpp(20): warning C4244: “=”: 从“double”转换到“float”，可能丢失数据
     1>c:\users\yhc\desktop\张迎伟文档\20161031手势识别数据采集\20161108展示工程实现\myo_navigation1.7\myo_navigation1.4\rotationcapture.hpp(21): warning C4244: “=”: 从“double”转换到“float”，可能丢失数据
     1>c:\users\yhc\desktop\张迎伟文档\20161031手势识别数据采集\20161108展示工程实现\myo_navigation1.7\myo_navigation1.4\rotationcapture.hpp(22): warning C4244: “=”: 从“double”转换到“float”，可能丢失数据
     1>c:\users\yhc\desktop\张迎伟文档\20161031手势识别数据采集\20161108展示工程实现\myo_navigation1.7\myo_navigation1.4\rotationcapture.hpp(23): warning C4244: “=”: 从“double”转换到“float”，可能丢失数据
     1>c:\users\yhc\desktop\张迎伟文档\20161031手势识别数据采集\20161108展示工程实现\myo_navigation1.7\myo_navigation1.4\datacollector.h(39): warning C4305: “=”: 从“double”到“float”截断
     1>c:\users\yhc\desktop\张迎伟文档\20161031手势识别数据采集\20161108展示工程实现\myo_navigation1.7\myo_navigation1.4\datacollector.h(40): warning C4305: “=”: 从“double”到“float”截断
     1>c:\users\yhc\desktop\张迎伟文档\20161031手势识别数据采集\20161108展示工程实现\myo_navigation1.7\myo_navigation1.4\datacollector.h(41): warning C4305: “=”: 从“double”到“float”截断
     1>c:\users\yhc\desktop\张迎伟文档\20161031手势识别数据采集\20161108展示工程实现\myo_navigation1.7\myo_navigation1.4\datacollector.h(42): warning C4305: “=”: 从“double”到“float”截断
     1>c:\users\yhc\desktop\张迎伟文档\20161031手势识别数据采集\20161108展示工程实现\myo_navigation1.7\myo_navigation1.4\datacollector.h(43): warning C4305: “=”: 从“double”到“float”截断
     1>c:\users\yhc\desktop\张迎伟文档\20161031手势识别数据采集\20161108展示工程实现\myo_navigation1.7\myo_navigation1.4\datacollector.h(44): warning C4305: “=”: 从“double”到“float”截断
     1>c:\users\yhc\desktop\张迎伟文档\20161031手势识别数据采集\20161108展示工程实现\myo_navigation1.7\myo_navigation1.4\datacollector.h(45): warning C4305: “=”: 从“double”到“float”截断
     1>c:\users\yhc\desktop\张迎伟文档\20161031手势识别数据采集\20161108展示工程实现\myo_navigation1.7\myo_navigation1.4\datacollector.h(46): warning C4305: “=”: 从“double”到“float”截断
     1>c:\users\yhc\desktop\张迎伟文档\20161031手势识别数据采集\20161108展示工程实现\myo_navigation1.7\myo_navigation1.4\datacollector.h(57): warning C4305: “=”: 从“double”到“float”截断
     1>c:\users\yhc\desktop\张迎伟文档\20161031手势识别数据采集\20161108展示工程实现\myo_navigation1.7\myo_navigation1.4\datacollector.h(58): warning C4305: “=”: 从“double”到“float”截断
     1>c:\users\yhc\desktop\张迎伟文档\20161031手势识别数据采集\20161108展示工程实现\myo_navigation1.7\myo_navigation1.4\datacollector.h(59): warning C4305: “=”: 从“double”到“float”截断
     1>c:\users\yhc\desktop\张迎伟文档\20161031手势识别数据采集\20161108展示工程实现\myo_navigation1.7\myo_navigation1.4\datacollector.h(60): warning C4305: “=”: 从“double”到“float”截断
     1>c:\users\yhc\desktop\张迎伟文档\20161031手势识别数据采集\20161108展示工程实现\myo_navigation1.7\myo_navigation1.4\datacollector.h(62): warning C4305: “=”: 从“double”到“float”截断
     1>c:\users\yhc\desktop\张迎伟文档\20161031手势识别数据采集\20161108展示工程实现\myo_navigation1.7\myo_navigation1.4\datacollector.h(63): warning C4305: “=”: 从“double”到“float”截断
     1>c:\users\yhc\desktop\张迎伟文档\20161031手势识别数据采集\20161108展示工程实现\myo_navigation1.7\myo_navigation1.4\datacollector.h(64): warning C4305: “=”: 从“double”到“float”截断
     1>c:\users\yhc\desktop\张迎伟文档\20161031手势识别数据采集\20161108展示工程实现\myo_navigation1.7\myo_navigation1.4\datacollector.h(65): warning C4305: “=”: 从“double”到“float”截断
     1>c:\users\yhc\desktop\张迎伟文档\20161031手势识别数据采集\20161108展示工程实现\myo_navigation1.7\myo_navigation1.4\datacollector.h(66): warning C4305: “=”: 从“double”到“float”截断
     1>c:\users\yhc\desktop\张迎伟文档\20161031手势识别数据采集\20161108展示工程实现\myo_navigation1.7\myo_navigation1.4\datacollector.h(67): warning C4305: “=”: 从“double”到“float”截断
     1>c:\users\yhc\desktop\张迎伟文档\20161031手势识别数据采集\20161108展示工程实现\myo_navigation1.7\myo_navigation1.4\datacollector.h(68): warning C4305: “=”: 从“double”到“float”截断
     1>c:\users\yhc\desktop\张迎伟文档\20161031手势识别数据采集\20161108展示工程实现\myo_navigation1.7\myo_navigation1.4\datacollector.h(69): warning C4305: “=”: 从“double”到“float”截断
     1>c:\users\yhc\desktop\张迎伟文档\20161031手势识别数据采集\20161108展示工程实现\myo_navigation1.7\myo_navigation1.4\datacollector.h(70): warning C4305: “=”: 从“double”到“float”截断
     1>c:\users\yhc\desktop\张迎伟文档\20161031手势识别数据采集\20161108展示工程实现\myo_navigation1.7\myo_navigation1.4\datacollector.h(71): warning C4305: “=”: 从“double”到“float”截断
     1>c:\users\yhc\desktop\张迎伟文档\20161031手势识别数据采集\20161108展示工程实现\myo_navigation1.7\myo_navigation1.4\datacollector.h(72): warning C4305: “=”: 从“double”到“float”截断
     1>c:\users\yhc\desktop\张迎伟文档\20161031手势识别数据采集\20161108展示工程实现\myo_navigation1.7\myo_navigation1.4\datacollector.cpp(184): warning C4244: “=”: 从“double”转换到“float”，可能丢失数据
     1>c:\users\yhc\desktop\张迎伟文档\20161031手势识别数据采集\20161108展示工程实现\myo_navigation1.7\myo_navigation1.4\datacollector.cpp(185): warning C4244: “=”: 从“double”转换到“float”，可能丢失数据
     1>c:\users\yhc\desktop\张迎伟文档\20161031手势识别数据采集\20161108展示工程实现\myo_navigation1.7\myo_navigation1.4\datacollector.cpp(186): warning C4244: “=”: 从“double”转换到“float”，可能丢失数据
     1>c:\users\yhc\desktop\张迎伟文档\20161031手势识别数据采集\20161108展示工程实现\myo_navigation1.7\myo_navigation1.4\datacollector.cpp(187): warning C4244: “=”: 从“double”转换到“float”，可能丢失数据
     1>c:\users\yhc\desktop\张迎伟文档\20161031手势识别数据采集\20161108展示工程实现\myo_navigation1.7\myo_navigation1.4\datacollector.cpp(188): warning C4244: “=”: 从“double”转换到“float”，可能丢失数据
     1>c:\users\yhc\desktop\张迎伟文档\20161031手势识别数据采集\20161108展示工程实现\myo_navigation1.7\myo_navigation1.4\datacollector.cpp(189): warning C4244: “=”: 从“double”转换到“float”，可能丢失数据
     1>c:\users\yhc\desktop\张迎伟文档\20161031手势识别数据采集\20161108展示工程实现\myo_navigation1.7\myo_navigation1.4\datacollector.cpp(190): warning C4244: “=”: 从“double”转换到“float”，可能丢失数据
     1>c:\users\yhc\desktop\张迎伟文档\20161031手势识别数据采集\20161108展示工程实现\myo_navigation1.7\myo_navigation1.4\datacollector.cpp(191): warning C4244: “=”: 从“double”转换到“float”，可能丢失数据
         正在生成代码...
         正在跳过...(未检测到相关更改)
         main.cpp
       Link:
         C:\Program Files (x86)\Microsoft Visual Studio 12.0\VC\bin\link.exe /ERRORREPORT:PROMPT /OUT:"C:\Users\yhc\Desktop\张迎伟文档\20161031手势识别数据采集\20161108展示工程实现\MYO_Navigation1.7\Debug\MYO_Navigation1.4.exe" /INCREMENTAL /NOLOGO myo32.lib kernel32.lib user32.lib gdi32.lib winspool.lib comdlg32.lib advapi32.lib shell32.lib ole32.lib oleaut32.lib uuid.lib odbc32.lib odbccp32.lib kernel32.lib user32.lib gdi32.lib winspool.lib comdlg32.lib advapi32.lib shell32.lib ole32.lib oleaut32.lib uuid.lib odbc32.lib odbccp32.lib /MANIFEST /MANIFESTUAC:"level='asInvoker' uiAccess='false'" /manifest:embed /DEBUG /PDB:"C:\Users\yhc\Desktop\张迎伟文档\20161031手势识别数据采集\20161108展示工程实现\MYO_Navigation1.7\Debug\MYO_Navigation1.4.pdb" /SUBSYSTEM:CONSOLE /TLBID:1 /DYNAMICBASE /NXCOMPAT /IMPLIB:"C:\Users\yhc\Desktop\张迎伟文档\20161031手势识别数据采集\20161108展示工程实现\MYO_Navigation1.7\Debug\MYO_Navigation1.4.lib" /MACHINE:X86 Debug\DataCollector.obj
         Debug\main.obj
         Debug\MouseEvent.obj
         Debug\MouseMover.obj
         Debug\RotationCapture.obj
         Debug\svm.obj
         MYO_Navigation1.4.vcxproj -> C:\Users\yhc\Desktop\张迎伟文档\20161031手势识别数据采集\20161108展示工程实现\MYO_Navigation1.7\Debug\MYO_Navigation1.4.exe
       PostBuildEvent:
         COPY "..\bin\myo32.dll"
         :VCEnd
         已复制         1 个文件。
     1>已完成生成项目“C:\Users\yhc\Desktop\张迎伟文档\20161031手势识别数据采集\20161108展示工程实现\MYO_Navigation1.7\MYO_Navigation1.4\MYO_Navigation1.4.vcxproj”(Build 个目标)的操作。

生成成功。

已用时间 00:00:03.42
